{
    "timestamp": "2023-04-23 19:22:10",
    "requestMethod": "GET",
    "userAgent": "Mozilla\/5.0 (X11; Ubuntu; Linux x86_64; rv:109.0) Gecko\/20100101 Firefox\/112.0",
    "username": "unautenthicated",
    "phpScripPath": "\/opt\/lampp\/htdocs\/curs12\/tema12\/repo\/produs.repo.php",
    "mesaj": "ProdusRepo::iaProdus: produs luat cu succes"
}
{
    "timestamp": "2023-04-23 19:22:10",
    "requestMethod": "GET",
    "userAgent": "Mozilla\/5.0 (X11; Ubuntu; Linux x86_64; rv:109.0) Gecko\/20100101 Firefox\/112.0",
    "username": "unautenthicated",
    "phpScripPath": "\/opt\/lampp\/htdocs\/curs12\/tema12\/repo\/produs.repo.php",
    "mesaj": "ProdusRepo::iaProdus: produs luat cu succes"
}
{
    "timestamp": "2023-04-23 19:22:10",
    "requestMethod": "GET",
    "userAgent": "Mozilla\/5.0 (X11; Ubuntu; Linux x86_64; rv:109.0) Gecko\/20100101 Firefox\/112.0",
    "username": "unautenthicated",
    "phpScripPath": "\/opt\/lampp\/htdocs\/curs12\/tema12\/repo\/produs.repo.php",
    "mesaj": "ProdusRepo::iaProdus: produs luat cu succes"
}
{
    "timestamp": "2023-04-23 19:22:10",
    "requestMethod": "GET",
    "userAgent": "Mozilla\/5.0 (X11; Ubuntu; Linux x86_64; rv:109.0) Gecko\/20100101 Firefox\/112.0",
    "username": "unautenthicated",
    "phpScripPath": "\/opt\/lampp\/htdocs\/curs12\/tema12\/repo\/produs.repo.php",
    "mesaj": "ProdusRepo::iaProdus: produs luat cu succes"
}
{
    "timestamp": "2023-04-23 19:22:10",
    "requestMethod": "GET",
    "userAgent": "Mozilla\/5.0 (X11; Ubuntu; Linux x86_64; rv:109.0) Gecko\/20100101 Firefox\/112.0",
    "username": "unautenthicated",
    "phpScripPath": "\/opt\/lampp\/htdocs\/curs12\/tema12\/repo\/produs.repo.php",
    "mesaj": "ProdusRepo::iaProdus: produs luat cu succes"
}
{
    "timestamp": "2023-04-23 19:22:10",
    "requestMethod": "GET",
    "userAgent": "Mozilla\/5.0 (X11; Ubuntu; Linux x86_64; rv:109.0) Gecko\/20100101 Firefox\/112.0",
    "username": "unautenthicated",
    "phpScripPath": "\/opt\/lampp\/htdocs\/curs12\/tema12\/repo\/produs.repo.php",
    "mesaj": "ProdusRepo::iaProdus: produs luat cu succes"
}
{
    "timestamp": "2023-04-23 19:22:10",
    "requestMethod": "GET",
    "userAgent": "Mozilla\/5.0 (X11; Ubuntu; Linux x86_64; rv:109.0) Gecko\/20100101 Firefox\/112.0",
    "username": "unautenthicated",
    "phpScripPath": "\/opt\/lampp\/htdocs\/curs12\/tema12\/repo\/produs.repo.php",
    "mesaj": "ProdusRepo::iaProdus: produs luat cu succes"
}
{
    "timestamp": "2023-04-23 19:22:10",
    "requestMethod": "GET",
    "userAgent": "Mozilla\/5.0 (X11; Ubuntu; Linux x86_64; rv:109.0) Gecko\/20100101 Firefox\/112.0",
    "username": "unautenthicated",
    "phpScripPath": "\/opt\/lampp\/htdocs\/curs12\/tema12\/repo\/produs.repo.php",
    "mesaj": "ProdusRepo::iaProdus: produs luat cu succes"
}
{
    "timestamp": "2023-04-23 19:22:10",
    "requestMethod": "GET",
    "userAgent": "Mozilla\/5.0 (X11; Ubuntu; Linux x86_64; rv:109.0) Gecko\/20100101 Firefox\/112.0",
    "username": "unautenthicated",
    "phpScripPath": "\/opt\/lampp\/htdocs\/curs12\/tema12\/repo\/produs.repo.php",
    "mesaj": "ProdusRepo::iaProdus: produs luat cu succes"
}
{
    "timestamp": "2023-04-23 19:22:10",
    "requestMethod": "GET",
    "userAgent": "Mozilla\/5.0 (X11; Ubuntu; Linux x86_64; rv:109.0) Gecko\/20100101 Firefox\/112.0",
    "username": "unautenthicated",
    "phpScripPath": "\/opt\/lampp\/htdocs\/curs12\/tema12\/repo\/produs.repo.php",
    "mesaj": "ProdusRepo::iaProdus: produs luat cu succes"
}
{
    "timestamp": "2023-04-23 19:22:10",
    "requestMethod": "GET",
    "userAgent": "Mozilla\/5.0 (X11; Ubuntu; Linux x86_64; rv:109.0) Gecko\/20100101 Firefox\/112.0",
    "username": "unautenthicated",
    "phpScripPath": "\/opt\/lampp\/htdocs\/curs12\/tema12\/repo\/produs.repo.php",
    "mesaj": "ProdusRepo::iaProdus: produs luat cu succes"
}
{
    "timestamp": "2023-04-23 19:22:10",
    "requestMethod": "GET",
    "userAgent": "Mozilla\/5.0 (X11; Ubuntu; Linux x86_64; rv:109.0) Gecko\/20100101 Firefox\/112.0",
    "username": "unautenthicated",
    "phpScripPath": "\/opt\/lampp\/htdocs\/curs12\/tema12\/repo\/produs.repo.php",
    "mesaj": "ProdusRepo::iaProdus: produs luat cu succes"
}
{
    "timestamp": "2023-04-23 19:22:10",
    "requestMethod": "GET",
    "userAgent": "Mozilla\/5.0 (X11; Ubuntu; Linux x86_64; rv:109.0) Gecko\/20100101 Firefox\/112.0",
    "username": "unautenthicated",
    "phpScripPath": "\/opt\/lampp\/htdocs\/curs12\/tema12\/repo\/produs.repo.php",
    "mesaj": "ProdusRepo::iaProdus: produs luat cu succes"
}
{
    "timestamp": "2023-04-23 19:22:10",
    "requestMethod": "GET",
    "userAgent": "Mozilla\/5.0 (X11; Ubuntu; Linux x86_64; rv:109.0) Gecko\/20100101 Firefox\/112.0",
    "username": "unautenthicated",
    "phpScripPath": "\/opt\/lampp\/htdocs\/curs12\/tema12\/repo\/produs.repo.php",
    "mesaj": "ProdusRepo::iaProdus: produs luat cu succes"
}
{
    "timestamp": "2023-04-23 19:22:10",
    "requestMethod": "GET",
    "userAgent": "Mozilla\/5.0 (X11; Ubuntu; Linux x86_64; rv:109.0) Gecko\/20100101 Firefox\/112.0",
    "username": "unautenthicated",
    "phpScripPath": "\/opt\/lampp\/htdocs\/curs12\/tema12\/includes\/shopping-cart.inc.php",
    "mesaj": "iaProduseleDinCos"
}
{
    "timestamp": "2023-04-23 19:22:10",
    "requestMethod": "GET",
    "userAgent": "Mozilla\/5.0 (X11; Ubuntu; Linux x86_64; rv:109.0) Gecko\/20100101 Firefox\/112.0",
    "username": "unautenthicated",
    "phpScripPath": "\/opt\/lampp\/htdocs\/curs12\/tema12\/includes\/shopping-cart.inc.php",
    "mesaj": "calculeazaTotalCos"
}
{
    "timestamp": "2023-04-23 19:22:10",
    "requestMethod": "GET",
    "userAgent": "Mozilla\/5.0 (X11; Ubuntu; Linux x86_64; rv:109.0) Gecko\/20100101 Firefox\/112.0",
    "username": "unautenthicated",
    "phpScripPath": "\/opt\/lampp\/htdocs\/curs12\/tema12\/repo\/produs.repo.php",
    "mesaj": "ProdusRepo::iaProdus: produs luat cu succes"
}
{
    "timestamp": "2023-04-23 19:22:10",
    "requestMethod": "GET",
    "userAgent": "Mozilla\/5.0 (X11; Ubuntu; Linux x86_64; rv:109.0) Gecko\/20100101 Firefox\/112.0",
    "username": "unautenthicated",
    "phpScripPath": "\/opt\/lampp\/htdocs\/curs12\/tema12\/repo\/produs.repo.php",
    "mesaj": "ProdusRepo::iaProdus: produs luat cu succes"
}
{
    "timestamp": "2023-04-23 19:22:10",
    "requestMethod": "GET",
    "userAgent": "Mozilla\/5.0 (X11; Ubuntu; Linux x86_64; rv:109.0) Gecko\/20100101 Firefox\/112.0",
    "username": "unautenthicated",
    "phpScripPath": "\/opt\/lampp\/htdocs\/curs12\/tema12\/repo\/produs.repo.php",
    "mesaj": "ProdusRepo::iaProdus: produs luat cu succes"
}
{
    "timestamp": "2023-04-23 19:22:10",
    "requestMethod": "GET",
    "userAgent": "Mozilla\/5.0 (X11; Ubuntu; Linux x86_64; rv:109.0) Gecko\/20100101 Firefox\/112.0",
    "username": "unautenthicated",
    "phpScripPath": "\/opt\/lampp\/htdocs\/curs12\/tema12\/repo\/produs.repo.php",
    "mesaj": "ProdusRepo::iaProdus: produs luat cu succes"
}
{
    "timestamp": "2023-04-23 19:22:10",
    "requestMethod": "GET",
    "userAgent": "Mozilla\/5.0 (X11; Ubuntu; Linux x86_64; rv:109.0) Gecko\/20100101 Firefox\/112.0",
    "username": "unautenthicated",
    "phpScripPath": "\/opt\/lampp\/htdocs\/curs12\/tema12\/repo\/produs.repo.php",
    "mesaj": "ProdusRepo::iaProdus: produs luat cu succes"
}
{
    "timestamp": "2023-04-23 19:22:10",
    "requestMethod": "GET",
    "userAgent": "Mozilla\/5.0 (X11; Ubuntu; Linux x86_64; rv:109.0) Gecko\/20100101 Firefox\/112.0",
    "username": "unautenthicated",
    "phpScripPath": "\/opt\/lampp\/htdocs\/curs12\/tema12\/repo\/produs.repo.php",
    "mesaj": "ProdusRepo::iaProdus: produs luat cu succes"
}
{
    "timestamp": "2023-04-23 19:22:10",
    "requestMethod": "GET",
    "userAgent": "Mozilla\/5.0 (X11; Ubuntu; Linux x86_64; rv:109.0) Gecko\/20100101 Firefox\/112.0",
    "username": "unautenthicated",
    "phpScripPath": "\/opt\/lampp\/htdocs\/curs12\/tema12\/repo\/produs.repo.php",
    "mesaj": "ProdusRepo::iaProdus: produs luat cu succes"
}
{
    "timestamp": "2023-04-23 19:22:10",
    "requestMethod": "GET",
    "userAgent": "Mozilla\/5.0 (X11; Ubuntu; Linux x86_64; rv:109.0) Gecko\/20100101 Firefox\/112.0",
    "username": "unautenthicated",
    "phpScripPath": "\/opt\/lampp\/htdocs\/curs12\/tema12\/repo\/produs.repo.php",
    "mesaj": "ProdusRepo::iaProdus: produs luat cu succes"
}
{
    "timestamp": "2023-04-23 19:22:10",
    "requestMethod": "GET",
    "userAgent": "Mozilla\/5.0 (X11; Ubuntu; Linux x86_64; rv:109.0) Gecko\/20100101 Firefox\/112.0",
    "username": "unautenthicated",
    "phpScripPath": "\/opt\/lampp\/htdocs\/curs12\/tema12\/repo\/produs.repo.php",
    "mesaj": "ProdusRepo::iaProdus: produs luat cu succes"
}
{
    "timestamp": "2023-04-23 19:22:10",
    "requestMethod": "GET",
    "userAgent": "Mozilla\/5.0 (X11; Ubuntu; Linux x86_64; rv:109.0) Gecko\/20100101 Firefox\/112.0",
    "username": "unautenthicated",
    "phpScripPath": "\/opt\/lampp\/htdocs\/curs12\/tema12\/repo\/produs.repo.php",
    "mesaj": "ProdusRepo::iaProdus: produs luat cu succes"
}
{
    "timestamp": "2023-04-23 19:22:10",
    "requestMethod": "GET",
    "userAgent": "Mozilla\/5.0 (X11; Ubuntu; Linux x86_64; rv:109.0) Gecko\/20100101 Firefox\/112.0",
    "username": "unautenthicated",
    "phpScripPath": "\/opt\/lampp\/htdocs\/curs12\/tema12\/repo\/produs.repo.php",
    "mesaj": "ProdusRepo::iaProdus: produs luat cu succes"
}
{
    "timestamp": "2023-04-23 19:22:10",
    "requestMethod": "GET",
    "userAgent": "Mozilla\/5.0 (X11; Ubuntu; Linux x86_64; rv:109.0) Gecko\/20100101 Firefox\/112.0",
    "username": "unautenthicated",
    "phpScripPath": "\/opt\/lampp\/htdocs\/curs12\/tema12\/repo\/produs.repo.php",
    "mesaj": "ProdusRepo::iaProdus: produs luat cu succes"
}
{
    "timestamp": "2023-04-23 19:22:10",
    "requestMethod": "GET",
    "userAgent": "Mozilla\/5.0 (X11; Ubuntu; Linux x86_64; rv:109.0) Gecko\/20100101 Firefox\/112.0",
    "username": "unautenthicated",
    "phpScripPath": "\/opt\/lampp\/htdocs\/curs12\/tema12\/repo\/produs.repo.php",
    "mesaj": "ProdusRepo::iaProdus: produs luat cu succes"
}
{
    "timestamp": "2023-04-23 19:22:10",
    "requestMethod": "GET",
    "userAgent": "Mozilla\/5.0 (X11; Ubuntu; Linux x86_64; rv:109.0) Gecko\/20100101 Firefox\/112.0",
    "username": "unautenthicated",
    "phpScripPath": "\/opt\/lampp\/htdocs\/curs12\/tema12\/repo\/produs.repo.php",
    "mesaj": "ProdusRepo::iaProdus: produs luat cu succes"
}
{
    "timestamp": "2023-04-23 19:22:10",
    "requestMethod": "GET",
    "userAgent": "Mozilla\/5.0 (X11; Ubuntu; Linux x86_64; rv:109.0) Gecko\/20100101 Firefox\/112.0",
    "username": "unautenthicated",
    "phpScripPath": "\/opt\/lampp\/htdocs\/curs12\/tema12\/includes\/shopping-cart.inc.php",
    "mesaj": "iaProduseleDinCos"
}
{
    "timestamp": "2023-04-23 19:22:46",
    "requestMethod": "POST",
    "userAgent": "Mozilla\/5.0 (X11; Ubuntu; Linux x86_64; rv:109.0) Gecko\/20100101 Firefox\/112.0",
    "username": "unautenthicated",
    "phpScripPath": "\/opt\/lampp\/htdocs\/curs12\/tema12\/input-validation\/input-validation.php",
    "mesaj": "valideazaInputuriLogin: inceput rularea"
}
{
    "timestamp": "2023-04-23 19:22:46",
    "requestMethod": "POST",
    "userAgent": "Mozilla\/5.0 (X11; Ubuntu; Linux x86_64; rv:109.0) Gecko\/20100101 Firefox\/112.0",
    "username": "unautenthicated",
    "phpScripPath": "\/opt\/lampp\/htdocs\/curs12\/tema12\/input-validation\/input-validation.php",
    "mesaj": "valideazaInputUsername: inceput rularea, validare: username"
}
{
    "timestamp": "2023-04-23 19:22:46",
    "requestMethod": "POST",
    "userAgent": "Mozilla\/5.0 (X11; Ubuntu; Linux x86_64; rv:109.0) Gecko\/20100101 Firefox\/112.0",
    "username": "unautenthicated",
    "phpScripPath": "\/opt\/lampp\/htdocs\/curs12\/tema12\/input-validation\/input-validation.php",
    "mesaj": "valideazaInputNume: inceput rularea, validare: parola"
}
{
    "timestamp": "2023-04-23 19:22:46",
    "requestMethod": "POST",
    "userAgent": "Mozilla\/5.0 (X11; Ubuntu; Linux x86_64; rv:109.0) Gecko\/20100101 Firefox\/112.0",
    "username": "unautenthicated",
    "phpScripPath": "\/opt\/lampp\/htdocs\/curs12\/tema12\/input-validation\/input-validation.php",
    "mesaj": "valideazaInputuriLogin: validare cu succes"
}
{
    "timestamp": "2023-04-23 19:22:46",
    "requestMethod": "POST",
    "userAgent": "Mozilla\/5.0 (X11; Ubuntu; Linux x86_64; rv:109.0) Gecko\/20100101 Firefox\/112.0",
    "username": "unautenthicated",
    "phpScripPath": "\/opt\/lampp\/htdocs\/curs12\/tema12\/repo\/client.repo.php",
    "mesaj": "ClientRepo::verificaClient: inceput rularea"
}
{
    "timestamp": "2023-04-23 19:22:46",
    "requestMethod": "POST",
    "userAgent": "Mozilla\/5.0 (X11; Ubuntu; Linux x86_64; rv:109.0) Gecko\/20100101 Firefox\/112.0",
    "username": "unautenthicated",
    "phpScripPath": "\/opt\/lampp\/htdocs\/curs12\/tema12\/repo\/client.repo.php",
    "mesaj": "ClientRepo::verificaClient: username si parola validate"
}
{
    "timestamp": "2023-04-23 19:22:46",
    "requestMethod": "POST",
    "userAgent": "Mozilla\/5.0 (X11; Ubuntu; Linux x86_64; rv:109.0) Gecko\/20100101 Firefox\/112.0",
    "username": "andrei",
    "phpScripPath": "\/opt\/lampp\/htdocs\/curs12\/tema12\/includes\/sesiune.inc.php",
    "mesaj": "loginSession: sesiune initializata: username: andrei, email: andrei@gmail.com"
}
{
    "timestamp": "2023-04-23 19:22:56",
    "requestMethod": "GET",
    "userAgent": "Mozilla\/5.0 (X11; Ubuntu; Linux x86_64; rv:109.0) Gecko\/20100101 Firefox\/112.0",
    "username": "andrei",
    "phpScripPath": "\/opt\/lampp\/htdocs\/curs12\/tema12\/repo\/produs.repo.php",
    "mesaj": "ProdusRepo::iaProdus: produs luat cu succes"
}
{
    "timestamp": "2023-04-23 19:22:56",
    "requestMethod": "GET",
    "userAgent": "Mozilla\/5.0 (X11; Ubuntu; Linux x86_64; rv:109.0) Gecko\/20100101 Firefox\/112.0",
    "username": "andrei",
    "phpScripPath": "\/opt\/lampp\/htdocs\/curs12\/tema12\/repo\/produs.repo.php",
    "mesaj": "ProdusRepo::iaProdus: produs luat cu succes"
}
{
    "timestamp": "2023-04-23 19:22:56",
    "requestMethod": "GET",
    "userAgent": "Mozilla\/5.0 (X11; Ubuntu; Linux x86_64; rv:109.0) Gecko\/20100101 Firefox\/112.0",
    "username": "andrei",
    "phpScripPath": "\/opt\/lampp\/htdocs\/curs12\/tema12\/repo\/produs.repo.php",
    "mesaj": "ProdusRepo::iaProdus: produs luat cu succes"
}
{
    "timestamp": "2023-04-23 19:22:56",
    "requestMethod": "GET",
    "userAgent": "Mozilla\/5.0 (X11; Ubuntu; Linux x86_64; rv:109.0) Gecko\/20100101 Firefox\/112.0",
    "username": "andrei",
    "phpScripPath": "\/opt\/lampp\/htdocs\/curs12\/tema12\/repo\/produs.repo.php",
    "mesaj": "ProdusRepo::iaProdus: produs luat cu succes"
}
{
    "timestamp": "2023-04-23 19:22:56",
    "requestMethod": "GET",
    "userAgent": "Mozilla\/5.0 (X11; Ubuntu; Linux x86_64; rv:109.0) Gecko\/20100101 Firefox\/112.0",
    "username": "andrei",
    "phpScripPath": "\/opt\/lampp\/htdocs\/curs12\/tema12\/repo\/produs.repo.php",
    "mesaj": "ProdusRepo::iaProdus: produs luat cu succes"
}
{
    "timestamp": "2023-04-23 19:22:56",
    "requestMethod": "GET",
    "userAgent": "Mozilla\/5.0 (X11; Ubuntu; Linux x86_64; rv:109.0) Gecko\/20100101 Firefox\/112.0",
    "username": "andrei",
    "phpScripPath": "\/opt\/lampp\/htdocs\/curs12\/tema12\/repo\/produs.repo.php",
    "mesaj": "ProdusRepo::iaProdus: produs luat cu succes"
}
{
    "timestamp": "2023-04-23 19:22:56",
    "requestMethod": "GET",
    "userAgent": "Mozilla\/5.0 (X11; Ubuntu; Linux x86_64; rv:109.0) Gecko\/20100101 Firefox\/112.0",
    "username": "andrei",
    "phpScripPath": "\/opt\/lampp\/htdocs\/curs12\/tema12\/repo\/produs.repo.php",
    "mesaj": "ProdusRepo::iaProdus: produs luat cu succes"
}
{
    "timestamp": "2023-04-23 19:22:56",
    "requestMethod": "GET",
    "userAgent": "Mozilla\/5.0 (X11; Ubuntu; Linux x86_64; rv:109.0) Gecko\/20100101 Firefox\/112.0",
    "username": "andrei",
    "phpScripPath": "\/opt\/lampp\/htdocs\/curs12\/tema12\/repo\/produs.repo.php",
    "mesaj": "ProdusRepo::iaProdus: produs luat cu succes"
}
{
    "timestamp": "2023-04-23 19:22:56",
    "requestMethod": "GET",
    "userAgent": "Mozilla\/5.0 (X11; Ubuntu; Linux x86_64; rv:109.0) Gecko\/20100101 Firefox\/112.0",
    "username": "andrei",
    "phpScripPath": "\/opt\/lampp\/htdocs\/curs12\/tema12\/repo\/produs.repo.php",
    "mesaj": "ProdusRepo::iaProdus: produs luat cu succes"
}
{
    "timestamp": "2023-04-23 19:22:56",
    "requestMethod": "GET",
    "userAgent": "Mozilla\/5.0 (X11; Ubuntu; Linux x86_64; rv:109.0) Gecko\/20100101 Firefox\/112.0",
    "username": "andrei",
    "phpScripPath": "\/opt\/lampp\/htdocs\/curs12\/tema12\/repo\/produs.repo.php",
    "mesaj": "ProdusRepo::iaProdus: produs luat cu succes"
}
{
    "timestamp": "2023-04-23 19:22:56",
    "requestMethod": "GET",
    "userAgent": "Mozilla\/5.0 (X11; Ubuntu; Linux x86_64; rv:109.0) Gecko\/20100101 Firefox\/112.0",
    "username": "andrei",
    "phpScripPath": "\/opt\/lampp\/htdocs\/curs12\/tema12\/repo\/produs.repo.php",
    "mesaj": "ProdusRepo::iaProdus: produs luat cu succes"
}
{
    "timestamp": "2023-04-23 19:22:56",
    "requestMethod": "GET",
    "userAgent": "Mozilla\/5.0 (X11; Ubuntu; Linux x86_64; rv:109.0) Gecko\/20100101 Firefox\/112.0",
    "username": "andrei",
    "phpScripPath": "\/opt\/lampp\/htdocs\/curs12\/tema12\/repo\/produs.repo.php",
    "mesaj": "ProdusRepo::iaProdus: produs luat cu succes"
}
{
    "timestamp": "2023-04-23 19:22:56",
    "requestMethod": "GET",
    "userAgent": "Mozilla\/5.0 (X11; Ubuntu; Linux x86_64; rv:109.0) Gecko\/20100101 Firefox\/112.0",
    "username": "andrei",
    "phpScripPath": "\/opt\/lampp\/htdocs\/curs12\/tema12\/repo\/produs.repo.php",
    "mesaj": "ProdusRepo::iaProdus: produs luat cu succes"
}
{
    "timestamp": "2023-04-23 19:22:56",
    "requestMethod": "GET",
    "userAgent": "Mozilla\/5.0 (X11; Ubuntu; Linux x86_64; rv:109.0) Gecko\/20100101 Firefox\/112.0",
    "username": "andrei",
    "phpScripPath": "\/opt\/lampp\/htdocs\/curs12\/tema12\/repo\/produs.repo.php",
    "mesaj": "ProdusRepo::iaProdus: produs luat cu succes"
}
{
    "timestamp": "2023-04-23 19:22:56",
    "requestMethod": "GET",
    "userAgent": "Mozilla\/5.0 (X11; Ubuntu; Linux x86_64; rv:109.0) Gecko\/20100101 Firefox\/112.0",
    "username": "andrei",
    "phpScripPath": "\/opt\/lampp\/htdocs\/curs12\/tema12\/repo\/produs.repo.php",
    "mesaj": "ProdusRepo::iaProdus: produs luat cu succes"
}
{
    "timestamp": "2023-04-23 19:22:56",
    "requestMethod": "GET",
    "userAgent": "Mozilla\/5.0 (X11; Ubuntu; Linux x86_64; rv:109.0) Gecko\/20100101 Firefox\/112.0",
    "username": "andrei",
    "phpScripPath": "\/opt\/lampp\/htdocs\/curs12\/tema12\/repo\/produs.repo.php",
    "mesaj": "ProdusRepo::iaProdus: produs luat cu succes"
}
{
    "timestamp": "2023-04-23 19:22:56",
    "requestMethod": "GET",
    "userAgent": "Mozilla\/5.0 (X11; Ubuntu; Linux x86_64; rv:109.0) Gecko\/20100101 Firefox\/112.0",
    "username": "andrei",
    "phpScripPath": "\/opt\/lampp\/htdocs\/curs12\/tema12\/repo\/produs.repo.php",
    "mesaj": "ProdusRepo::iaProdus: produs luat cu succes"
}
{
    "timestamp": "2023-04-23 19:22:56",
    "requestMethod": "GET",
    "userAgent": "Mozilla\/5.0 (X11; Ubuntu; Linux x86_64; rv:109.0) Gecko\/20100101 Firefox\/112.0",
    "username": "andrei",
    "phpScripPath": "\/opt\/lampp\/htdocs\/curs12\/tema12\/repo\/produs.repo.php",
    "mesaj": "ProdusRepo::iaProdus: produs luat cu succes"
}
{
    "timestamp": "2023-04-23 19:22:56",
    "requestMethod": "GET",
    "userAgent": "Mozilla\/5.0 (X11; Ubuntu; Linux x86_64; rv:109.0) Gecko\/20100101 Firefox\/112.0",
    "username": "andrei",
    "phpScripPath": "\/opt\/lampp\/htdocs\/curs12\/tema12\/repo\/produs.repo.php",
    "mesaj": "ProdusRepo::iaProdus: produs luat cu succes"
}
{
    "timestamp": "2023-04-23 19:22:56",
    "requestMethod": "GET",
    "userAgent": "Mozilla\/5.0 (X11; Ubuntu; Linux x86_64; rv:109.0) Gecko\/20100101 Firefox\/112.0",
    "username": "andrei",
    "phpScripPath": "\/opt\/lampp\/htdocs\/curs12\/tema12\/includes\/shopping-cart.inc.php",
    "mesaj": "iaProduseleDinCos"
}
{
    "timestamp": "2023-04-23 19:22:56",
    "requestMethod": "GET",
    "userAgent": "Mozilla\/5.0 (X11; Ubuntu; Linux x86_64; rv:109.0) Gecko\/20100101 Firefox\/112.0",
    "username": "andrei",
    "phpScripPath": "\/opt\/lampp\/htdocs\/curs12\/tema12\/includes\/shopping-cart.inc.php",
    "mesaj": "calculeazaTotalCos"
}
{
    "timestamp": "2023-04-23 19:22:56",
    "requestMethod": "GET",
    "userAgent": "Mozilla\/5.0 (X11; Ubuntu; Linux x86_64; rv:109.0) Gecko\/20100101 Firefox\/112.0",
    "username": "andrei",
    "phpScripPath": "\/opt\/lampp\/htdocs\/curs12\/tema12\/repo\/produs.repo.php",
    "mesaj": "ProdusRepo::iaProdus: produs luat cu succes"
}
{
    "timestamp": "2023-04-23 19:22:56",
    "requestMethod": "GET",
    "userAgent": "Mozilla\/5.0 (X11; Ubuntu; Linux x86_64; rv:109.0) Gecko\/20100101 Firefox\/112.0",
    "username": "andrei",
    "phpScripPath": "\/opt\/lampp\/htdocs\/curs12\/tema12\/repo\/produs.repo.php",
    "mesaj": "ProdusRepo::iaProdus: produs luat cu succes"
}
{
    "timestamp": "2023-04-23 19:22:56",
    "requestMethod": "GET",
    "userAgent": "Mozilla\/5.0 (X11; Ubuntu; Linux x86_64; rv:109.0) Gecko\/20100101 Firefox\/112.0",
    "username": "andrei",
    "phpScripPath": "\/opt\/lampp\/htdocs\/curs12\/tema12\/repo\/produs.repo.php",
    "mesaj": "ProdusRepo::iaProdus: produs luat cu succes"
}
{
    "timestamp": "2023-04-23 19:22:56",
    "requestMethod": "GET",
    "userAgent": "Mozilla\/5.0 (X11; Ubuntu; Linux x86_64; rv:109.0) Gecko\/20100101 Firefox\/112.0",
    "username": "andrei",
    "phpScripPath": "\/opt\/lampp\/htdocs\/curs12\/tema12\/repo\/produs.repo.php",
    "mesaj": "ProdusRepo::iaProdus: produs luat cu succes"
}
{
    "timestamp": "2023-04-23 19:22:56",
    "requestMethod": "GET",
    "userAgent": "Mozilla\/5.0 (X11; Ubuntu; Linux x86_64; rv:109.0) Gecko\/20100101 Firefox\/112.0",
    "username": "andrei",
    "phpScripPath": "\/opt\/lampp\/htdocs\/curs12\/tema12\/repo\/produs.repo.php",
    "mesaj": "ProdusRepo::iaProdus: produs luat cu succes"
}
{
    "timestamp": "2023-04-23 19:22:56",
    "requestMethod": "GET",
    "userAgent": "Mozilla\/5.0 (X11; Ubuntu; Linux x86_64; rv:109.0) Gecko\/20100101 Firefox\/112.0",
    "username": "andrei",
    "phpScripPath": "\/opt\/lampp\/htdocs\/curs12\/tema12\/repo\/produs.repo.php",
    "mesaj": "ProdusRepo::iaProdus: produs luat cu succes"
}
{
    "timestamp": "2023-04-23 19:22:56",
    "requestMethod": "GET",
    "userAgent": "Mozilla\/5.0 (X11; Ubuntu; Linux x86_64; rv:109.0) Gecko\/20100101 Firefox\/112.0",
    "username": "andrei",
    "phpScripPath": "\/opt\/lampp\/htdocs\/curs12\/tema12\/repo\/produs.repo.php",
    "mesaj": "ProdusRepo::iaProdus: produs luat cu succes"
}
{
    "timestamp": "2023-04-23 19:22:56",
    "requestMethod": "GET",
    "userAgent": "Mozilla\/5.0 (X11; Ubuntu; Linux x86_64; rv:109.0) Gecko\/20100101 Firefox\/112.0",
    "username": "andrei",
    "phpScripPath": "\/opt\/lampp\/htdocs\/curs12\/tema12\/repo\/produs.repo.php",
    "mesaj": "ProdusRepo::iaProdus: produs luat cu succes"
}
{
    "timestamp": "2023-04-23 19:22:56",
    "requestMethod": "GET",
    "userAgent": "Mozilla\/5.0 (X11; Ubuntu; Linux x86_64; rv:109.0) Gecko\/20100101 Firefox\/112.0",
    "username": "andrei",
    "phpScripPath": "\/opt\/lampp\/htdocs\/curs12\/tema12\/repo\/produs.repo.php",
    "mesaj": "ProdusRepo::iaProdus: produs luat cu succes"
}
{
    "timestamp": "2023-04-23 19:22:56",
    "requestMethod": "GET",
    "userAgent": "Mozilla\/5.0 (X11; Ubuntu; Linux x86_64; rv:109.0) Gecko\/20100101 Firefox\/112.0",
    "username": "andrei",
    "phpScripPath": "\/opt\/lampp\/htdocs\/curs12\/tema12\/repo\/produs.repo.php",
    "mesaj": "ProdusRepo::iaProdus: produs luat cu succes"
}
{
    "timestamp": "2023-04-23 19:22:56",
    "requestMethod": "GET",
    "userAgent": "Mozilla\/5.0 (X11; Ubuntu; Linux x86_64; rv:109.0) Gecko\/20100101 Firefox\/112.0",
    "username": "andrei",
    "phpScripPath": "\/opt\/lampp\/htdocs\/curs12\/tema12\/repo\/produs.repo.php",
    "mesaj": "ProdusRepo::iaProdus: produs luat cu succes"
}
{
    "timestamp": "2023-04-23 19:22:56",
    "requestMethod": "GET",
    "userAgent": "Mozilla\/5.0 (X11; Ubuntu; Linux x86_64; rv:109.0) Gecko\/20100101 Firefox\/112.0",
    "username": "andrei",
    "phpScripPath": "\/opt\/lampp\/htdocs\/curs12\/tema12\/repo\/produs.repo.php",
    "mesaj": "ProdusRepo::iaProdus: produs luat cu succes"
}
{
    "timestamp": "2023-04-23 19:22:56",
    "requestMethod": "GET",
    "userAgent": "Mozilla\/5.0 (X11; Ubuntu; Linux x86_64; rv:109.0) Gecko\/20100101 Firefox\/112.0",
    "username": "andrei",
    "phpScripPath": "\/opt\/lampp\/htdocs\/curs12\/tema12\/repo\/produs.repo.php",
    "mesaj": "ProdusRepo::iaProdus: produs luat cu succes"
}
{
    "timestamp": "2023-04-23 19:22:56",
    "requestMethod": "GET",
    "userAgent": "Mozilla\/5.0 (X11; Ubuntu; Linux x86_64; rv:109.0) Gecko\/20100101 Firefox\/112.0",
    "username": "andrei",
    "phpScripPath": "\/opt\/lampp\/htdocs\/curs12\/tema12\/repo\/produs.repo.php",
    "mesaj": "ProdusRepo::iaProdus: produs luat cu succes"
}
{
    "timestamp": "2023-04-23 19:22:56",
    "requestMethod": "GET",
    "userAgent": "Mozilla\/5.0 (X11; Ubuntu; Linux x86_64; rv:109.0) Gecko\/20100101 Firefox\/112.0",
    "username": "andrei",
    "phpScripPath": "\/opt\/lampp\/htdocs\/curs12\/tema12\/repo\/produs.repo.php",
    "mesaj": "ProdusRepo::iaProdus: produs luat cu succes"
}
{
    "timestamp": "2023-04-23 19:22:56",
    "requestMethod": "GET",
    "userAgent": "Mozilla\/5.0 (X11; Ubuntu; Linux x86_64; rv:109.0) Gecko\/20100101 Firefox\/112.0",
    "username": "andrei",
    "phpScripPath": "\/opt\/lampp\/htdocs\/curs12\/tema12\/repo\/produs.repo.php",
    "mesaj": "ProdusRepo::iaProdus: produs luat cu succes"
}
{
    "timestamp": "2023-04-23 19:22:56",
    "requestMethod": "GET",
    "userAgent": "Mozilla\/5.0 (X11; Ubuntu; Linux x86_64; rv:109.0) Gecko\/20100101 Firefox\/112.0",
    "username": "andrei",
    "phpScripPath": "\/opt\/lampp\/htdocs\/curs12\/tema12\/repo\/produs.repo.php",
    "mesaj": "ProdusRepo::iaProdus: produs luat cu succes"
}
{
    "timestamp": "2023-04-23 19:22:56",
    "requestMethod": "GET",
    "userAgent": "Mozilla\/5.0 (X11; Ubuntu; Linux x86_64; rv:109.0) Gecko\/20100101 Firefox\/112.0",
    "username": "andrei",
    "phpScripPath": "\/opt\/lampp\/htdocs\/curs12\/tema12\/repo\/produs.repo.php",
    "mesaj": "ProdusRepo::iaProdus: produs luat cu succes"
}
{
    "timestamp": "2023-04-23 19:22:56",
    "requestMethod": "GET",
    "userAgent": "Mozilla\/5.0 (X11; Ubuntu; Linux x86_64; rv:109.0) Gecko\/20100101 Firefox\/112.0",
    "username": "andrei",
    "phpScripPath": "\/opt\/lampp\/htdocs\/curs12\/tema12\/repo\/produs.repo.php",
    "mesaj": "ProdusRepo::iaProdus: produs luat cu succes"
}
{
    "timestamp": "2023-04-23 19:22:56",
    "requestMethod": "GET",
    "userAgent": "Mozilla\/5.0 (X11; Ubuntu; Linux x86_64; rv:109.0) Gecko\/20100101 Firefox\/112.0",
    "username": "andrei",
    "phpScripPath": "\/opt\/lampp\/htdocs\/curs12\/tema12\/includes\/shopping-cart.inc.php",
    "mesaj": "iaProduseleDinCos"
}
{
    "timestamp": "2023-04-23 19:25:36",
    "requestMethod": "GET",
    "userAgent": "Mozilla\/5.0 (X11; Ubuntu; Linux x86_64; rv:109.0) Gecko\/20100101 Firefox\/112.0",
    "username": "unautenthicated",
    "phpScripPath": "\/opt\/lampp\/htdocs\/curs12\/tema12\/includes\/shopping-cart.inc.php",
    "mesaj": "calculeazaTotalCos"
}
{
    "timestamp": "2023-04-23 19:32:59",
    "requestMethod": "GET",
    "userAgent": "Mozilla\/5.0 (X11; Ubuntu; Linux x86_64; rv:109.0) Gecko\/20100101 Firefox\/112.0",
    "username": "unautenthicated",
    "phpScripPath": "\/opt\/lampp\/htdocs\/curs12\/tema12\/includes\/shopping-cart.inc.php",
    "mesaj": "calculeazaTotalCos"
}
{
    "timestamp": "2023-04-23 19:53:32",
    "requestMethod": "GET",
    "userAgent": "Mozilla\/5.0 (X11; Ubuntu; Linux x86_64; rv:109.0) Gecko\/20100101 Firefox\/112.0",
    "username": "unautenthicated",
    "phpScripPath": "\/opt\/lampp\/htdocs\/curs12\/tema12\/login.php",
    "mesaj": "nu s-a facut POST sau input-ul submit lipseste"
}
{
    "timestamp": "2023-04-23 19:53:32",
    "requestMethod": "GET",
    "userAgent": "Mozilla\/5.0 (X11; Ubuntu; Linux x86_64; rv:109.0) Gecko\/20100101 Firefox\/112.0",
    "username": "unautenthicated",
    "phpScripPath": "\/opt\/lampp\/htdocs\/curs12\/tema12\/register.php",
    "mesaj": "nu s-a facut POST sau input-ul submit lipseste"
}
{
    "timestamp": "2023-04-23 19:53:33",
    "requestMethod": "GET",
    "userAgent": "Mozilla\/5.0 (X11; Ubuntu; Linux x86_64; rv:109.0) Gecko\/20100101 Firefox\/112.0",
    "username": "unautenthicated",
    "phpScripPath": "\/opt\/lampp\/htdocs\/curs12\/tema12\/includes\/shopping-cart.inc.php",
    "mesaj": "calculeazaTotalCos"
}
{
    "timestamp": "2023-04-23 19:53:35",
    "requestMethod": "POST",
    "userAgent": "Mozilla\/5.0 (X11; Ubuntu; Linux x86_64; rv:109.0) Gecko\/20100101 Firefox\/112.0",
    "username": "unautenthicated",
    "phpScripPath": "\/opt\/lampp\/htdocs\/curs12\/tema12\/produse.php",
    "mesaj": "adaugat produs in cos: id: 1"
}
{
    "timestamp": "2023-04-23 19:53:36",
    "requestMethod": "POST",
    "userAgent": "Mozilla\/5.0 (X11; Ubuntu; Linux x86_64; rv:109.0) Gecko\/20100101 Firefox\/112.0",
    "username": "unautenthicated",
    "phpScripPath": "\/opt\/lampp\/htdocs\/curs12\/tema12\/produse.php",
    "mesaj": "adaugat produs in cos: id: 1"
}
{
    "timestamp": "2023-04-23 19:53:36",
    "requestMethod": "POST",
    "userAgent": "Mozilla\/5.0 (X11; Ubuntu; Linux x86_64; rv:109.0) Gecko\/20100101 Firefox\/112.0",
    "username": "unautenthicated",
    "phpScripPath": "\/opt\/lampp\/htdocs\/curs12\/tema12\/produse.php",
    "mesaj": "adaugat produs in cos: id: 1"
}
{
    "timestamp": "2023-04-23 19:53:36",
    "requestMethod": "POST",
    "userAgent": "Mozilla\/5.0 (X11; Ubuntu; Linux x86_64; rv:109.0) Gecko\/20100101 Firefox\/112.0",
    "username": "unautenthicated",
    "phpScripPath": "\/opt\/lampp\/htdocs\/curs12\/tema12\/produse.php",
    "mesaj": "adaugat produs in cos: id: 2"
}
{
    "timestamp": "2023-04-23 19:53:37",
    "requestMethod": "GET",
    "userAgent": "Mozilla\/5.0 (X11; Ubuntu; Linux x86_64; rv:109.0) Gecko\/20100101 Firefox\/112.0",
    "username": "unautenthicated",
    "phpScripPath": "\/opt\/lampp\/htdocs\/curs12\/tema12\/login.php",
    "mesaj": "nu s-a facut POST sau input-ul submit lipseste"
}
{
    "timestamp": "2023-04-23 19:53:38",
    "requestMethod": "GET",
    "userAgent": "Mozilla\/5.0 (X11; Ubuntu; Linux x86_64; rv:109.0) Gecko\/20100101 Firefox\/112.0",
    "username": "unautenthicated",
    "phpScripPath": "\/opt\/lampp\/htdocs\/curs12\/tema12\/register.php",
    "mesaj": "nu s-a facut POST sau input-ul submit lipseste"
}
{
    "timestamp": "2023-04-23 19:53:56",
    "requestMethod": "POST",
    "userAgent": "Mozilla\/5.0 (X11; Ubuntu; Linux x86_64; rv:109.0) Gecko\/20100101 Firefox\/112.0",
    "username": "unautenthicated",
    "phpScripPath": "\/opt\/lampp\/htdocs\/curs12\/tema12\/input-validation\/input-validation.php",
    "mesaj": "valideazaInputuriRegister: inceput rularea"
}
{
    "timestamp": "2023-04-23 19:53:56",
    "requestMethod": "POST",
    "userAgent": "Mozilla\/5.0 (X11; Ubuntu; Linux x86_64; rv:109.0) Gecko\/20100101 Firefox\/112.0",
    "username": "unautenthicated",
    "phpScripPath": "\/opt\/lampp\/htdocs\/curs12\/tema12\/input-validation\/input-validation.php",
    "mesaj": "valideazaInputNume: inceput rularea, validare: nume"
}
{
    "timestamp": "2023-04-23 19:53:56",
    "requestMethod": "POST",
    "userAgent": "Mozilla\/5.0 (X11; Ubuntu; Linux x86_64; rv:109.0) Gecko\/20100101 Firefox\/112.0",
    "username": "unautenthicated",
    "phpScripPath": "\/opt\/lampp\/htdocs\/curs12\/tema12\/input-validation\/input-validation.php",
    "mesaj": "valideazaInputUsername: inceput rularea, validare: username"
}
{
    "timestamp": "2023-04-23 19:53:56",
    "requestMethod": "POST",
    "userAgent": "Mozilla\/5.0 (X11; Ubuntu; Linux x86_64; rv:109.0) Gecko\/20100101 Firefox\/112.0",
    "username": "unautenthicated",
    "phpScripPath": "\/opt\/lampp\/htdocs\/curs12\/tema12\/input-validation\/input-validation.php",
    "mesaj": "valideazaInputEmail: inceput rularea, validare: email"
}
{
    "timestamp": "2023-04-23 19:53:56",
    "requestMethod": "POST",
    "userAgent": "Mozilla\/5.0 (X11; Ubuntu; Linux x86_64; rv:109.0) Gecko\/20100101 Firefox\/112.0",
    "username": "unautenthicated",
    "phpScripPath": "\/opt\/lampp\/htdocs\/curs12\/tema12\/input-validation\/input-validation.php",
    "mesaj": "valideazaInputNume: inceput rularea, validare: parola"
}
{
    "timestamp": "2023-04-23 19:54:18",
    "requestMethod": "GET",
    "userAgent": "Mozilla\/5.0 (X11; Ubuntu; Linux x86_64; rv:109.0) Gecko\/20100101 Firefox\/112.0",
    "username": "unautenthicated",
    "phpScripPath": "\/opt\/lampp\/htdocs\/curs12\/tema12\/register.php",
    "mesaj": "nu s-a facut POST sau input-ul submit lipseste"
}
{
    "timestamp": "2023-04-23 19:54:53",
    "requestMethod": "POST",
    "userAgent": "Mozilla\/5.0 (X11; Ubuntu; Linux x86_64; rv:109.0) Gecko\/20100101 Firefox\/112.0",
    "username": "unautenthicated",
    "phpScripPath": "\/opt\/lampp\/htdocs\/curs12\/tema12\/input-validation\/input-validation.php",
    "mesaj": "valideazaInputuriRegister: inceput rularea"
}
{
    "timestamp": "2023-04-23 19:54:53",
    "requestMethod": "POST",
    "userAgent": "Mozilla\/5.0 (X11; Ubuntu; Linux x86_64; rv:109.0) Gecko\/20100101 Firefox\/112.0",
    "username": "unautenthicated",
    "phpScripPath": "\/opt\/lampp\/htdocs\/curs12\/tema12\/input-validation\/input-validation.php",
    "mesaj": "valideazaInputNume: inceput rularea, validare: nume"
}
{
    "timestamp": "2023-04-23 19:54:53",
    "requestMethod": "POST",
    "userAgent": "Mozilla\/5.0 (X11; Ubuntu; Linux x86_64; rv:109.0) Gecko\/20100101 Firefox\/112.0",
    "username": "unautenthicated",
    "phpScripPath": "\/opt\/lampp\/htdocs\/curs12\/tema12\/input-validation\/input-validation.php",
    "mesaj": "valideazaInputUsername: inceput rularea, validare: username"
}
{
    "timestamp": "2023-04-23 19:54:53",
    "requestMethod": "POST",
    "userAgent": "Mozilla\/5.0 (X11; Ubuntu; Linux x86_64; rv:109.0) Gecko\/20100101 Firefox\/112.0",
    "username": "unautenthicated",
    "phpScripPath": "\/opt\/lampp\/htdocs\/curs12\/tema12\/input-validation\/input-validation.php",
    "mesaj": "valideazaInputEmail: inceput rularea, validare: email"
}
{
    "timestamp": "2023-04-23 19:54:53",
    "requestMethod": "POST",
    "userAgent": "Mozilla\/5.0 (X11; Ubuntu; Linux x86_64; rv:109.0) Gecko\/20100101 Firefox\/112.0",
    "username": "unautenthicated",
    "phpScripPath": "\/opt\/lampp\/htdocs\/curs12\/tema12\/input-validation\/input-validation.php",
    "mesaj": "valideazaInputNume: inceput rularea, validare: parola"
}
{
    "timestamp": "2023-04-23 19:54:53",
    "requestMethod": "POST",
    "userAgent": "Mozilla\/5.0 (X11; Ubuntu; Linux x86_64; rv:109.0) Gecko\/20100101 Firefox\/112.0",
    "username": "unautenthicated",
    "phpScripPath": "\/opt\/lampp\/htdocs\/curs12\/tema12\/input-validation\/input-validation.php",
    "mesaj": "valideazaInputuriRegister: validare cu succes"
}
{
    "timestamp": "2023-04-23 19:54:53",
    "requestMethod": "POST",
    "userAgent": "Mozilla\/5.0 (X11; Ubuntu; Linux x86_64; rv:109.0) Gecko\/20100101 Firefox\/112.0",
    "username": "unautenthicated",
    "phpScripPath": "\/opt\/lampp\/htdocs\/curs12\/tema12\/repo\/client.repo.php",
    "mesaj": "ClientRepo::contineUsername: inceput rularea"
}
{
    "timestamp": "2023-04-23 19:54:53",
    "requestMethod": "POST",
    "userAgent": "Mozilla\/5.0 (X11; Ubuntu; Linux x86_64; rv:109.0) Gecko\/20100101 Firefox\/112.0",
    "username": "unautenthicated",
    "phpScripPath": "\/opt\/lampp\/htdocs\/curs12\/tema12\/repo\/client.repo.php",
    "mesaj": "ClientRepo::contineUsername: nu s-a gasit username-ul"
}
{
    "timestamp": "2023-04-23 19:54:53",
    "requestMethod": "POST",
    "userAgent": "Mozilla\/5.0 (X11; Ubuntu; Linux x86_64; rv:109.0) Gecko\/20100101 Firefox\/112.0",
    "username": "unautenthicated",
    "phpScripPath": "\/opt\/lampp\/htdocs\/curs12\/tema12\/repo\/client.repo.php",
    "mesaj": "ClientRepo::contineEmail: inceput rularea"
}
{
    "timestamp": "2023-04-23 19:54:53",
    "requestMethod": "POST",
    "userAgent": "Mozilla\/5.0 (X11; Ubuntu; Linux x86_64; rv:109.0) Gecko\/20100101 Firefox\/112.0",
    "username": "unautenthicated",
    "phpScripPath": "\/opt\/lampp\/htdocs\/curs12\/tema12\/repo\/client.repo.php",
    "mesaj": "ClientRepo::contineEmail: nu s-a gasit email-ul"
}
{
    "timestamp": "2023-04-23 19:54:53",
    "requestMethod": "POST",
    "userAgent": "Mozilla\/5.0 (X11; Ubuntu; Linux x86_64; rv:109.0) Gecko\/20100101 Firefox\/112.0",
    "username": "unautenthicated",
    "phpScripPath": "\/opt\/lampp\/htdocs\/curs12\/tema12\/repo\/client.repo.php",
    "mesaj": "ClientRepo::adaugaClient: inceput rularea"
}
{
    "timestamp": "2023-04-23 19:54:53",
    "requestMethod": "POST",
    "userAgent": "Mozilla\/5.0 (X11; Ubuntu; Linux x86_64; rv:109.0) Gecko\/20100101 Firefox\/112.0",
    "username": "unautenthicated",
    "phpScripPath": "\/opt\/lampp\/htdocs\/curs12\/tema12\/repo\/client.repo.php",
    "mesaj": "ClientRepo::adaugaClient: client adaugat cu succes, id = 11"
}
{
    "timestamp": "2023-04-23 19:55:32",
    "requestMethod": "GET",
    "userAgent": "Mozilla\/5.0 (X11; Ubuntu; Linux x86_64; rv:109.0) Gecko\/20100101 Firefox\/112.0",
    "username": "unautenthicated",
    "phpScripPath": "\/opt\/lampp\/htdocs\/curs12\/tema12\/login.php",
    "mesaj": "nu s-a facut POST sau input-ul submit lipseste"
}
{
    "timestamp": "2023-04-23 19:55:47",
    "requestMethod": "POST",
    "userAgent": "Mozilla\/5.0 (X11; Ubuntu; Linux x86_64; rv:109.0) Gecko\/20100101 Firefox\/112.0",
    "username": "unautenthicated",
    "phpScripPath": "\/opt\/lampp\/htdocs\/curs12\/tema12\/input-validation\/input-validation.php",
    "mesaj": "valideazaInputuriLogin: inceput rularea"
}
{
    "timestamp": "2023-04-23 19:55:47",
    "requestMethod": "POST",
    "userAgent": "Mozilla\/5.0 (X11; Ubuntu; Linux x86_64; rv:109.0) Gecko\/20100101 Firefox\/112.0",
    "username": "unautenthicated",
    "phpScripPath": "\/opt\/lampp\/htdocs\/curs12\/tema12\/input-validation\/input-validation.php",
    "mesaj": "valideazaInputUsername: inceput rularea, validare: username"
}
{
    "timestamp": "2023-04-23 19:55:47",
    "requestMethod": "POST",
    "userAgent": "Mozilla\/5.0 (X11; Ubuntu; Linux x86_64; rv:109.0) Gecko\/20100101 Firefox\/112.0",
    "username": "unautenthicated",
    "phpScripPath": "\/opt\/lampp\/htdocs\/curs12\/tema12\/input-validation\/input-validation.php",
    "mesaj": "valideazaInputNume: inceput rularea, validare: parola"
}
{
    "timestamp": "2023-04-23 19:55:47",
    "requestMethod": "POST",
    "userAgent": "Mozilla\/5.0 (X11; Ubuntu; Linux x86_64; rv:109.0) Gecko\/20100101 Firefox\/112.0",
    "username": "unautenthicated",
    "phpScripPath": "\/opt\/lampp\/htdocs\/curs12\/tema12\/input-validation\/input-validation.php",
    "mesaj": "valideazaInputuriLogin: validare cu succes"
}
{
    "timestamp": "2023-04-23 19:55:47",
    "requestMethod": "POST",
    "userAgent": "Mozilla\/5.0 (X11; Ubuntu; Linux x86_64; rv:109.0) Gecko\/20100101 Firefox\/112.0",
    "username": "unautenthicated",
    "phpScripPath": "\/opt\/lampp\/htdocs\/curs12\/tema12\/login.php",
    "mesaj": "input username: mihai"
}
{
    "timestamp": "2023-04-23 19:55:47",
    "requestMethod": "POST",
    "userAgent": "Mozilla\/5.0 (X11; Ubuntu; Linux x86_64; rv:109.0) Gecko\/20100101 Firefox\/112.0",
    "username": "unautenthicated",
    "phpScripPath": "\/opt\/lampp\/htdocs\/curs12\/tema12\/repo\/client.repo.php",
    "mesaj": "ClientRepo::verificaClient: inceput rularea"
}
{
    "timestamp": "2023-04-23 19:55:47",
    "requestMethod": "POST",
    "userAgent": "Mozilla\/5.0 (X11; Ubuntu; Linux x86_64; rv:109.0) Gecko\/20100101 Firefox\/112.0",
    "username": "unautenthicated",
    "phpScripPath": "\/opt\/lampp\/htdocs\/curs12\/tema12\/repo\/client.repo.php",
    "mesaj": "ClientRepo::verificaClient: username si parola validate"
}
{
    "timestamp": "2023-04-23 19:55:47",
    "requestMethod": "POST",
    "userAgent": "Mozilla\/5.0 (X11; Ubuntu; Linux x86_64; rv:109.0) Gecko\/20100101 Firefox\/112.0",
    "username": "unautenthicated",
    "phpScripPath": "\/opt\/lampp\/htdocs\/curs12\/tema12\/includes\/sesiune.inc.php",
    "mesaj": "loginSession: inceput rularea"
}
{
    "timestamp": "2023-04-23 19:55:47",
    "requestMethod": "POST",
    "userAgent": "Mozilla\/5.0 (X11; Ubuntu; Linux x86_64; rv:109.0) Gecko\/20100101 Firefox\/112.0",
    "username": "mihai",
    "phpScripPath": "\/opt\/lampp\/htdocs\/curs12\/tema12\/includes\/sesiune.inc.php",
    "mesaj": "loginSession: sesiune initializata: username: mihai, email: mihai@gmail.ocm"
}
{
    "timestamp": "2023-04-23 19:55:47",
    "requestMethod": "POST",
    "userAgent": "Mozilla\/5.0 (X11; Ubuntu; Linux x86_64; rv:109.0) Gecko\/20100101 Firefox\/112.0",
    "username": "mihai",
    "phpScripPath": "\/opt\/lampp\/htdocs\/curs12\/tema12\/login.php",
    "mesaj": "input.php: login-ul a avut succes"
}
{
    "timestamp": "2023-04-23 19:55:51",
    "requestMethod": "POST",
    "userAgent": "Mozilla\/5.0 (X11; Ubuntu; Linux x86_64; rv:109.0) Gecko\/20100101 Firefox\/112.0",
    "username": "mihai",
    "phpScripPath": "\/opt\/lampp\/htdocs\/curs12\/tema12\/produse.php",
    "mesaj": "adaugat produs in cos: id: 3"
}
{
    "timestamp": "2023-04-23 19:55:52",
    "requestMethod": "POST",
    "userAgent": "Mozilla\/5.0 (X11; Ubuntu; Linux x86_64; rv:109.0) Gecko\/20100101 Firefox\/112.0",
    "username": "mihai",
    "phpScripPath": "\/opt\/lampp\/htdocs\/curs12\/tema12\/produse.php",
    "mesaj": "adaugat produs in cos: id: 4"
}
{
    "timestamp": "2023-04-23 19:55:52",
    "requestMethod": "POST",
    "userAgent": "Mozilla\/5.0 (X11; Ubuntu; Linux x86_64; rv:109.0) Gecko\/20100101 Firefox\/112.0",
    "username": "mihai",
    "phpScripPath": "\/opt\/lampp\/htdocs\/curs12\/tema12\/produse.php",
    "mesaj": "adaugat produs in cos: id: 5"
}
{
    "timestamp": "2023-04-23 19:55:55",
    "requestMethod": "GET",
    "userAgent": "Mozilla\/5.0 (X11; Ubuntu; Linux x86_64; rv:109.0) Gecko\/20100101 Firefox\/112.0",
    "username": "mihai",
    "phpScripPath": "\/opt\/lampp\/htdocs\/curs12\/tema12\/repo\/produs.repo.php",
    "mesaj": "ProdusRepo::iaProdus: inceput rularea"
}
{
    "timestamp": "2023-04-23 19:55:55",
    "requestMethod": "GET",
    "userAgent": "Mozilla\/5.0 (X11; Ubuntu; Linux x86_64; rv:109.0) Gecko\/20100101 Firefox\/112.0",
    "username": "mihai",
    "phpScripPath": "\/opt\/lampp\/htdocs\/curs12\/tema12\/repo\/produs.repo.php",
    "mesaj": "ProdusRepo::iaProdus: produs luat cu succes"
}
{
    "timestamp": "2023-04-23 19:55:55",
    "requestMethod": "GET",
    "userAgent": "Mozilla\/5.0 (X11; Ubuntu; Linux x86_64; rv:109.0) Gecko\/20100101 Firefox\/112.0",
    "username": "mihai",
    "phpScripPath": "\/opt\/lampp\/htdocs\/curs12\/tema12\/repo\/produs.repo.php",
    "mesaj": "ProdusRepo::iaProdus: inceput rularea"
}
{
    "timestamp": "2023-04-23 19:55:55",
    "requestMethod": "GET",
    "userAgent": "Mozilla\/5.0 (X11; Ubuntu; Linux x86_64; rv:109.0) Gecko\/20100101 Firefox\/112.0",
    "username": "mihai",
    "phpScripPath": "\/opt\/lampp\/htdocs\/curs12\/tema12\/repo\/produs.repo.php",
    "mesaj": "ProdusRepo::iaProdus: produs luat cu succes"
}
{
    "timestamp": "2023-04-23 19:55:55",
    "requestMethod": "GET",
    "userAgent": "Mozilla\/5.0 (X11; Ubuntu; Linux x86_64; rv:109.0) Gecko\/20100101 Firefox\/112.0",
    "username": "mihai",
    "phpScripPath": "\/opt\/lampp\/htdocs\/curs12\/tema12\/repo\/produs.repo.php",
    "mesaj": "ProdusRepo::iaProdus: inceput rularea"
}
{
    "timestamp": "2023-04-23 19:55:55",
    "requestMethod": "GET",
    "userAgent": "Mozilla\/5.0 (X11; Ubuntu; Linux x86_64; rv:109.0) Gecko\/20100101 Firefox\/112.0",
    "username": "mihai",
    "phpScripPath": "\/opt\/lampp\/htdocs\/curs12\/tema12\/repo\/produs.repo.php",
    "mesaj": "ProdusRepo::iaProdus: produs luat cu succes"
}
{
    "timestamp": "2023-04-23 19:55:55",
    "requestMethod": "GET",
    "userAgent": "Mozilla\/5.0 (X11; Ubuntu; Linux x86_64; rv:109.0) Gecko\/20100101 Firefox\/112.0",
    "username": "mihai",
    "phpScripPath": "\/opt\/lampp\/htdocs\/curs12\/tema12\/repo\/produs.repo.php",
    "mesaj": "ProdusRepo::iaProdus: inceput rularea"
}
{
    "timestamp": "2023-04-23 19:55:55",
    "requestMethod": "GET",
    "userAgent": "Mozilla\/5.0 (X11; Ubuntu; Linux x86_64; rv:109.0) Gecko\/20100101 Firefox\/112.0",
    "username": "mihai",
    "phpScripPath": "\/opt\/lampp\/htdocs\/curs12\/tema12\/repo\/produs.repo.php",
    "mesaj": "ProdusRepo::iaProdus: produs luat cu succes"
}
{
    "timestamp": "2023-04-23 19:55:55",
    "requestMethod": "GET",
    "userAgent": "Mozilla\/5.0 (X11; Ubuntu; Linux x86_64; rv:109.0) Gecko\/20100101 Firefox\/112.0",
    "username": "mihai",
    "phpScripPath": "\/opt\/lampp\/htdocs\/curs12\/tema12\/repo\/produs.repo.php",
    "mesaj": "ProdusRepo::iaProdus: inceput rularea"
}
{
    "timestamp": "2023-04-23 19:55:55",
    "requestMethod": "GET",
    "userAgent": "Mozilla\/5.0 (X11; Ubuntu; Linux x86_64; rv:109.0) Gecko\/20100101 Firefox\/112.0",
    "username": "mihai",
    "phpScripPath": "\/opt\/lampp\/htdocs\/curs12\/tema12\/repo\/produs.repo.php",
    "mesaj": "ProdusRepo::iaProdus: produs luat cu succes"
}
{
    "timestamp": "2023-04-23 19:55:55",
    "requestMethod": "GET",
    "userAgent": "Mozilla\/5.0 (X11; Ubuntu; Linux x86_64; rv:109.0) Gecko\/20100101 Firefox\/112.0",
    "username": "mihai",
    "phpScripPath": "\/opt\/lampp\/htdocs\/curs12\/tema12\/repo\/produs.repo.php",
    "mesaj": "ProdusRepo::iaProdus: inceput rularea"
}
{
    "timestamp": "2023-04-23 19:55:55",
    "requestMethod": "GET",
    "userAgent": "Mozilla\/5.0 (X11; Ubuntu; Linux x86_64; rv:109.0) Gecko\/20100101 Firefox\/112.0",
    "username": "mihai",
    "phpScripPath": "\/opt\/lampp\/htdocs\/curs12\/tema12\/repo\/produs.repo.php",
    "mesaj": "ProdusRepo::iaProdus: produs luat cu succes"
}
{
    "timestamp": "2023-04-23 19:55:55",
    "requestMethod": "GET",
    "userAgent": "Mozilla\/5.0 (X11; Ubuntu; Linux x86_64; rv:109.0) Gecko\/20100101 Firefox\/112.0",
    "username": "mihai",
    "phpScripPath": "\/opt\/lampp\/htdocs\/curs12\/tema12\/repo\/produs.repo.php",
    "mesaj": "ProdusRepo::iaProdus: inceput rularea"
}
{
    "timestamp": "2023-04-23 19:55:55",
    "requestMethod": "GET",
    "userAgent": "Mozilla\/5.0 (X11; Ubuntu; Linux x86_64; rv:109.0) Gecko\/20100101 Firefox\/112.0",
    "username": "mihai",
    "phpScripPath": "\/opt\/lampp\/htdocs\/curs12\/tema12\/repo\/produs.repo.php",
    "mesaj": "ProdusRepo::iaProdus: produs luat cu succes"
}
{
    "timestamp": "2023-04-23 19:55:55",
    "requestMethod": "GET",
    "userAgent": "Mozilla\/5.0 (X11; Ubuntu; Linux x86_64; rv:109.0) Gecko\/20100101 Firefox\/112.0",
    "username": "mihai",
    "phpScripPath": "\/opt\/lampp\/htdocs\/curs12\/tema12\/includes\/shopping-cart.inc.php",
    "mesaj": "iaProduseleDinCos"
}
{
    "timestamp": "2023-04-23 19:55:55",
    "requestMethod": "GET",
    "userAgent": "Mozilla\/5.0 (X11; Ubuntu; Linux x86_64; rv:109.0) Gecko\/20100101 Firefox\/112.0",
    "username": "mihai",
    "phpScripPath": "\/opt\/lampp\/htdocs\/curs12\/tema12\/includes\/shopping-cart.inc.php",
    "mesaj": "calculeazaTotalCos"
}
{
    "timestamp": "2023-04-23 19:55:55",
    "requestMethod": "GET",
    "userAgent": "Mozilla\/5.0 (X11; Ubuntu; Linux x86_64; rv:109.0) Gecko\/20100101 Firefox\/112.0",
    "username": "mihai",
    "phpScripPath": "\/opt\/lampp\/htdocs\/curs12\/tema12\/repo\/produs.repo.php",
    "mesaj": "ProdusRepo::iaProdus: inceput rularea"
}
{
    "timestamp": "2023-04-23 19:55:55",
    "requestMethod": "GET",
    "userAgent": "Mozilla\/5.0 (X11; Ubuntu; Linux x86_64; rv:109.0) Gecko\/20100101 Firefox\/112.0",
    "username": "mihai",
    "phpScripPath": "\/opt\/lampp\/htdocs\/curs12\/tema12\/repo\/produs.repo.php",
    "mesaj": "ProdusRepo::iaProdus: produs luat cu succes"
}
{
    "timestamp": "2023-04-23 19:55:55",
    "requestMethod": "GET",
    "userAgent": "Mozilla\/5.0 (X11; Ubuntu; Linux x86_64; rv:109.0) Gecko\/20100101 Firefox\/112.0",
    "username": "mihai",
    "phpScripPath": "\/opt\/lampp\/htdocs\/curs12\/tema12\/repo\/produs.repo.php",
    "mesaj": "ProdusRepo::iaProdus: inceput rularea"
}
{
    "timestamp": "2023-04-23 19:55:55",
    "requestMethod": "GET",
    "userAgent": "Mozilla\/5.0 (X11; Ubuntu; Linux x86_64; rv:109.0) Gecko\/20100101 Firefox\/112.0",
    "username": "mihai",
    "phpScripPath": "\/opt\/lampp\/htdocs\/curs12\/tema12\/repo\/produs.repo.php",
    "mesaj": "ProdusRepo::iaProdus: produs luat cu succes"
}
{
    "timestamp": "2023-04-23 19:55:55",
    "requestMethod": "GET",
    "userAgent": "Mozilla\/5.0 (X11; Ubuntu; Linux x86_64; rv:109.0) Gecko\/20100101 Firefox\/112.0",
    "username": "mihai",
    "phpScripPath": "\/opt\/lampp\/htdocs\/curs12\/tema12\/repo\/produs.repo.php",
    "mesaj": "ProdusRepo::iaProdus: inceput rularea"
}
{
    "timestamp": "2023-04-23 19:55:55",
    "requestMethod": "GET",
    "userAgent": "Mozilla\/5.0 (X11; Ubuntu; Linux x86_64; rv:109.0) Gecko\/20100101 Firefox\/112.0",
    "username": "mihai",
    "phpScripPath": "\/opt\/lampp\/htdocs\/curs12\/tema12\/repo\/produs.repo.php",
    "mesaj": "ProdusRepo::iaProdus: produs luat cu succes"
}
{
    "timestamp": "2023-04-23 19:55:55",
    "requestMethod": "GET",
    "userAgent": "Mozilla\/5.0 (X11; Ubuntu; Linux x86_64; rv:109.0) Gecko\/20100101 Firefox\/112.0",
    "username": "mihai",
    "phpScripPath": "\/opt\/lampp\/htdocs\/curs12\/tema12\/repo\/produs.repo.php",
    "mesaj": "ProdusRepo::iaProdus: inceput rularea"
}
{
    "timestamp": "2023-04-23 19:55:55",
    "requestMethod": "GET",
    "userAgent": "Mozilla\/5.0 (X11; Ubuntu; Linux x86_64; rv:109.0) Gecko\/20100101 Firefox\/112.0",
    "username": "mihai",
    "phpScripPath": "\/opt\/lampp\/htdocs\/curs12\/tema12\/repo\/produs.repo.php",
    "mesaj": "ProdusRepo::iaProdus: produs luat cu succes"
}
{
    "timestamp": "2023-04-23 19:55:55",
    "requestMethod": "GET",
    "userAgent": "Mozilla\/5.0 (X11; Ubuntu; Linux x86_64; rv:109.0) Gecko\/20100101 Firefox\/112.0",
    "username": "mihai",
    "phpScripPath": "\/opt\/lampp\/htdocs\/curs12\/tema12\/repo\/produs.repo.php",
    "mesaj": "ProdusRepo::iaProdus: inceput rularea"
}
{
    "timestamp": "2023-04-23 19:55:55",
    "requestMethod": "GET",
    "userAgent": "Mozilla\/5.0 (X11; Ubuntu; Linux x86_64; rv:109.0) Gecko\/20100101 Firefox\/112.0",
    "username": "mihai",
    "phpScripPath": "\/opt\/lampp\/htdocs\/curs12\/tema12\/repo\/produs.repo.php",
    "mesaj": "ProdusRepo::iaProdus: produs luat cu succes"
}
{
    "timestamp": "2023-04-23 19:55:55",
    "requestMethod": "GET",
    "userAgent": "Mozilla\/5.0 (X11; Ubuntu; Linux x86_64; rv:109.0) Gecko\/20100101 Firefox\/112.0",
    "username": "mihai",
    "phpScripPath": "\/opt\/lampp\/htdocs\/curs12\/tema12\/repo\/produs.repo.php",
    "mesaj": "ProdusRepo::iaProdus: inceput rularea"
}
{
    "timestamp": "2023-04-23 19:55:55",
    "requestMethod": "GET",
    "userAgent": "Mozilla\/5.0 (X11; Ubuntu; Linux x86_64; rv:109.0) Gecko\/20100101 Firefox\/112.0",
    "username": "mihai",
    "phpScripPath": "\/opt\/lampp\/htdocs\/curs12\/tema12\/repo\/produs.repo.php",
    "mesaj": "ProdusRepo::iaProdus: produs luat cu succes"
}
{
    "timestamp": "2023-04-23 19:55:55",
    "requestMethod": "GET",
    "userAgent": "Mozilla\/5.0 (X11; Ubuntu; Linux x86_64; rv:109.0) Gecko\/20100101 Firefox\/112.0",
    "username": "mihai",
    "phpScripPath": "\/opt\/lampp\/htdocs\/curs12\/tema12\/repo\/produs.repo.php",
    "mesaj": "ProdusRepo::iaProdus: inceput rularea"
}
{
    "timestamp": "2023-04-23 19:55:55",
    "requestMethod": "GET",
    "userAgent": "Mozilla\/5.0 (X11; Ubuntu; Linux x86_64; rv:109.0) Gecko\/20100101 Firefox\/112.0",
    "username": "mihai",
    "phpScripPath": "\/opt\/lampp\/htdocs\/curs12\/tema12\/repo\/produs.repo.php",
    "mesaj": "ProdusRepo::iaProdus: produs luat cu succes"
}
{
    "timestamp": "2023-04-23 19:55:55",
    "requestMethod": "GET",
    "userAgent": "Mozilla\/5.0 (X11; Ubuntu; Linux x86_64; rv:109.0) Gecko\/20100101 Firefox\/112.0",
    "username": "mihai",
    "phpScripPath": "\/opt\/lampp\/htdocs\/curs12\/tema12\/includes\/shopping-cart.inc.php",
    "mesaj": "iaProduseleDinCos"
}
